<?xml version="1.0" encoding="UTF-8"?>
<coverage generated="1507641760106" clover="3.2.0">
  <project timestamp="1507641760107" name="All files">
    <metrics statements="17" coveredstatements="6" conditionals="9" coveredconditionals="4" methods="9" coveredmethods="2" elements="35" coveredelements="12" complexity="0" loc="17" ncloc="17" packages="2" files="4" classes="4">
      <package name="action_types">
        <metrics statements="0" coveredstatements="0" conditionals="0" coveredconditionals="0" methods="0" coveredmethods="0"/>
        <file name="index.js" path="/Users/muneeb/dev/tweet/src/store/action_types/index.js">
          <metrics statements="0" coveredstatements="0" conditionals="0" coveredconditionals="0" methods="0" coveredmethods="0"/>
        </file>
        <file name="tweets.js" path="/Users/muneeb/dev/tweet/src/store/action_types/tweets.js">
          <metrics statements="0" coveredstatements="0" conditionals="0" coveredconditionals="0" methods="0" coveredmethods="0"/>
        </file>
        <file name="users.js" path="/Users/muneeb/dev/tweet/src/store/action_types/users.js">
          <metrics statements="0" coveredstatements="0" conditionals="0" coveredconditionals="0" methods="0" coveredmethods="0"/>
        </file>
      </package>
      <package name="reducers.entities">
        <metrics statements="17" coveredstatements="6" conditionals="9" coveredconditionals="4" methods="9" coveredmethods="2"/>
        <file name="users.js" path="/Users/muneeb/dev/tweet/src/store/reducers/entities/users.js">
          <metrics statements="17" coveredstatements="6" conditionals="9" coveredconditionals="4" methods="9" coveredmethods="2"/>
          <line num="6" count="1" type="cond" truecount="1" falsecount="1"/>
          <line num="8" count="1" type="cond" truecount="1" falsecount="1"/>
          <line num="9" count="1" type="stmt"/>
          <line num="10" count="0" type="stmt"/>
          <line num="12" count="1" type="cond" truecount="1" falsecount="1"/>
          <line num="13" count="0" type="stmt"/>
          <line num="14" count="0" type="stmt"/>
          <line num="16" count="0" type="stmt"/>
          <line num="22" count="0" type="stmt"/>
          <line num="29" count="0" type="stmt"/>
          <line num="32" count="1" type="stmt"/>
          <line num="33" count="1" type="stmt"/>
          <line num="37" count="0" type="cond" truecount="0" falsecount="2"/>
          <line num="38" count="0" type="stmt"/>
          <line num="39" count="0" type="stmt"/>
          <line num="41" count="0" type="stmt"/>
          <line num="48" count="0" type="stmt"/>
        </file>
      </package>
    </metrics>
  </project>
</coverage>
