{"/Users/muneeb/dev/tweet/src/store/action_types/index.js": {"path":"/Users/muneeb/dev/tweet/src/store/action_types/index.js","statementMap":{},"fnMap":{},"branchMap":{},"s":{},"f":{},"b":{},"_coverageSchema":"332fd63041d2c1bcb487cc26dd0d5f7d97098a6c","hash":"aed4b72e64b32c8ac48cca8dc61aa4498f196f75"}
,"/Users/muneeb/dev/tweet/src/store/action_types/tweets.js": {"path":"/Users/muneeb/dev/tweet/src/store/action_types/tweets.js","statementMap":{},"fnMap":{},"branchMap":{},"s":{},"f":{},"b":{},"_coverageSchema":"332fd63041d2c1bcb487cc26dd0d5f7d97098a6c","hash":"b0276789485fea30a905b2df6768fa819275d9bf"}
,"/Users/muneeb/dev/tweet/src/store/action_types/users.js": {"path":"/Users/muneeb/dev/tweet/src/store/action_types/users.js","statementMap":{},"fnMap":{},"branchMap":{},"s":{},"f":{},"b":{},"_coverageSchema":"332fd63041d2c1bcb487cc26dd0d5f7d97098a6c","hash":"f7e94fcd046a513efe086478863af9ab06f4754f"}
,"/Users/muneeb/dev/tweet/src/store/reducers/entities/users.js": {"path":"/Users/muneeb/dev/tweet/src/store/reducers/entities/users.js","statementMap":{"0":{"start":{"line":6,"column":2},"end":{"line":47,"column":3}},"1":{"start":{"line":8,"column":19},"end":{"line":8,"column":48}},"2":{"start":{"line":9,"column":22},"end":{"line":11,"column":8}},"3":{"start":{"line":10,"column":8},"end":{"line":10,"column":35}},"4":{"start":{"line":12,"column":6},"end":{"line":31,"column":7}},"5":{"start":{"line":13,"column":8},"end":{"line":30,"column":10}},"6":{"start":{"line":14,"column":10},"end":{"line":14,"column":40}},"7":{"start":{"line":16,"column":10},"end":{"line":27,"column":11}},"8":{"start":{"line":22,"column":16},"end":{"line":22,"column":33}},"9":{"start":{"line":29,"column":10},"end":{"line":29,"column":26}},"10":{"start":{"line":32,"column":6},"end":{"line":34,"column":8}},"11":{"start":{"line":33,"column":8},"end":{"line":33,"column":24}},"12":{"start":{"line":37,"column":19},"end":{"line":37,"column":48}},"13":{"start":{"line":38,"column":6},"end":{"line":45,"column":8}},"14":{"start":{"line":39,"column":8},"end":{"line":39,"column":38}},"15":{"start":{"line":41,"column":8},"end":{"line":44,"column":9}},"16":{"start":{"line":48,"column":2},"end":{"line":48,"column":14}}},"fnMap":{"0":{"name":"index","decl":{"start":{"line":5,"column":24},"end":{"line":5,"column":29}},"loc":{"start":{"line":5,"column":54},"end":{"line":49,"column":1}},"line":5},"1":{"name":"(anonymous_1)","decl":{"start":{"line":9,"column":33},"end":{"line":9,"column":34}},"loc":{"start":{"line":9,"column":40},"end":{"line":11,"column":7}},"line":9},"2":{"name":"(anonymous_2)","decl":{"start":{"line":13,"column":44},"end":{"line":13,"column":45}},"loc":{"start":{"line":13,"column":54},"end":{"line":15,"column":9}},"line":13},"3":{"name":"(anonymous_3)","decl":{"start":{"line":15,"column":12},"end":{"line":15,"column":13}},"loc":{"start":{"line":15,"column":22},"end":{"line":28,"column":9}},"line":15},"4":{"name":"(anonymous_4)","decl":{"start":{"line":21,"column":25},"end":{"line":21,"column":26}},"loc":{"start":{"line":21,"column":30},"end":{"line":23,"column":15}},"line":21},"5":{"name":"(anonymous_5)","decl":{"start":{"line":28,"column":18},"end":{"line":28,"column":19}},"loc":{"start":{"line":28,"column":28},"end":{"line":30,"column":9}},"line":28},"6":{"name":"(anonymous_6)","decl":{"start":{"line":32,"column":37},"end":{"line":32,"column":38}},"loc":{"start":{"line":32,"column":47},"end":{"line":34,"column":7}},"line":32},"7":{"name":"(anonymous_7)","decl":{"start":{"line":38,"column":42},"end":{"line":38,"column":43}},"loc":{"start":{"line":38,"column":52},"end":{"line":40,"column":7}},"line":38},"8":{"name":"(anonymous_8)","decl":{"start":{"line":40,"column":10},"end":{"line":40,"column":11}},"loc":{"start":{"line":40,"column":20},"end":{"line":45,"column":7}},"line":40}},"branchMap":{"0":{"loc":{"start":{"line":5,"column":30},"end":{"line":5,"column":44}},"type":"default-arg","locations":[{"start":{"line":5,"column":38},"end":{"line":5,"column":44}}],"line":5},"1":{"loc":{"start":{"line":6,"column":2},"end":{"line":47,"column":3}},"type":"switch","locations":[{"start":{"line":7,"column":4},"end":{"line":35,"column":5}},{"start":{"line":36,"column":4},"end":{"line":46,"column":5}}],"line":6},"2":{"loc":{"start":{"line":8,"column":19},"end":{"line":8,"column":48}},"type":"binary-expr","locations":[{"start":{"line":8,"column":19},"end":{"line":8,"column":30}},{"start":{"line":8,"column":34},"end":{"line":8,"column":48}}],"line":8},"3":{"loc":{"start":{"line":12,"column":6},"end":{"line":31,"column":7}},"type":"if","locations":[{"start":{"line":12,"column":6},"end":{"line":31,"column":7}},{"start":{"line":12,"column":6},"end":{"line":31,"column":7}}],"line":12},"4":{"loc":{"start":{"line":37,"column":19},"end":{"line":37,"column":48}},"type":"binary-expr","locations":[{"start":{"line":37,"column":19},"end":{"line":37,"column":30}},{"start":{"line":37,"column":34},"end":{"line":37,"column":48}}],"line":37}},"s":{"0":1,"1":1,"2":1,"3":0,"4":1,"5":0,"6":0,"7":0,"8":0,"9":0,"10":1,"11":1,"12":0,"13":0,"14":0,"15":0,"16":0},"f":{"0":1,"1":0,"2":0,"3":0,"4":0,"5":0,"6":1,"7":0,"8":0},"b":{"0":[1],"1":[1,0],"2":[1,0],"3":[0,1],"4":[0,0]},"_coverageSchema":"332fd63041d2c1bcb487cc26dd0d5f7d97098a6c","hash":"ab7ef18a616dacf1b299ad00e28796bf81425634"}
}
