TN:
SF:/Users/muneeb/dev/tweet/src/store/action_types/index.js
FNF:0
FNH:0
LF:0
LH:0
BRF:0
BRH:0
end_of_record
TN:
SF:/Users/muneeb/dev/tweet/src/store/action_types/tweets.js
FNF:0
FNH:0
LF:0
LH:0
BRF:0
BRH:0
end_of_record
TN:
SF:/Users/muneeb/dev/tweet/src/store/action_types/users.js
FNF:0
FNH:0
LF:0
LH:0
BRF:0
BRH:0
end_of_record
TN:
SF:/Users/muneeb/dev/tweet/src/store/reducers/entities/users.js
FN:5,index
FN:9,(anonymous_1)
FN:13,(anonymous_2)
FN:15,(anonymous_3)
FN:21,(anonymous_4)
FN:28,(anonymous_5)
FN:32,(anonymous_6)
FN:38,(anonymous_7)
FN:40,(anonymous_8)
FNF:9
FNH:2
FNDA:1,index
FNDA:0,(anonymous_1)
FNDA:0,(anonymous_2)
FNDA:0,(anonymous_3)
FNDA:0,(anonymous_4)
FNDA:0,(anonymous_5)
FNDA:1,(anonymous_6)
FNDA:0,(anonymous_7)
FNDA:0,(anonymous_8)
DA:6,1
DA:8,1
DA:9,1
DA:10,0
DA:12,1
DA:13,0
DA:14,0
DA:16,0
DA:22,0
DA:29,0
DA:32,1
DA:33,1
DA:37,0
DA:38,0
DA:39,0
DA:41,0
DA:48,0
LF:17
LH:6
BRDA:5,0,0,1
BRDA:6,1,0,1
BRDA:6,1,1,0
BRDA:8,2,0,1
BRDA:8,2,1,0
BRDA:12,3,0,0
BRDA:12,3,1,1
BRDA:37,4,0,0
BRDA:37,4,1,0
BRF:9
BRH:4
end_of_record
